{"level":"info","message":"⌛ Validating noticias.wlk","timeElapsed":125,"timestamp":"2024-12-12T06:07:15.451Z"}
{"level":"info","message":"⌛ Validating noticias.wlk","timeElapsed":115,"timestamp":"2024-12-12T06:12:31.227Z"}
{"level":"info","message":"⌛ Validating noticias.wlk","timeElapsed":106,"timestamp":"2024-12-12T06:12:31.698Z"}
{"level":"info","message":"onRequest - completionItem/resolve","timestamp":"2024-12-12T06:12:31.698Z"}
{"level":"info","message":"onRequest - completionItem/resolve","timestamp":"2024-12-12T06:12:31.784Z"}
{"level":"info","message":"⌛ Building environment","timeElapsed":113,"timestamp":"2024-12-12T06:12:31.897Z"}
{"level":"info","message":"onRequest - completionItem/resolve","timestamp":"2024-12-12T06:12:31.897Z"}
{"level":"info","message":"⌛ Validating noticias.wlk","timeElapsed":104,"timestamp":"2024-12-12T06:12:32.002Z"}
{"level":"info","message":"onRequest - completionItem/resolve","timestamp":"2024-12-12T06:12:32.077Z"}
{"level":"info","message":"⌛ Validating noticias.wlk","timeElapsed":118,"timestamp":"2024-12-12T06:12:32.196Z"}
{"level":"info","message":"onRequest - completionItem/resolve","timestamp":"2024-12-12T06:12:32.278Z"}
{"level":"info","message":"onRequest - completionItem/resolve","timestamp":"2024-12-12T06:12:32.585Z"}
{"level":"info","message":"⌛ Validating noticias.wlk","timeElapsed":105,"timestamp":"2024-12-12T06:12:32.766Z"}
{"level":"info","message":"⌛ Validating noticias.wlk","timeElapsed":101,"timestamp":"2024-12-12T06:12:34.347Z"}
{"level":"info","message":"⌛ Building environment","timeElapsed":105,"timestamp":"2024-12-12T06:12:34.968Z"}
{"level":"info","message":"⌛ Validating noticias.wlk","timeElapsed":104,"timestamp":"2024-12-12T06:12:36.459Z"}
{"level":"info","message":"⌛ Validating noticias.wlk","timeElapsed":102,"timestamp":"2024-12-12T06:12:41.905Z"}
{"level":"info","message":"onRequest - completionItem/resolve","timestamp":"2024-12-12T06:12:43.314Z"}
{"level":"info","message":"⌛ Building environment","timeElapsed":117,"timestamp":"2024-12-12T06:12:43.430Z"}
{"level":"info","message":"onRequest - completionItem/resolve","timestamp":"2024-12-12T06:12:43.431Z"}
{"level":"info","message":"onRequest - completionItem/resolve","timestamp":"2024-12-12T06:12:43.505Z"}
{"level":"info","message":"⌛ Validating noticias.wlk","timeElapsed":108,"timestamp":"2024-12-12T06:12:43.612Z"}
{"level":"info","message":"onRequest - completionItem/resolve","timestamp":"2024-12-12T06:12:43.694Z"}
{"level":"info","message":"onRequest - completionItem/resolve","timestamp":"2024-12-12T06:12:43.867Z"}
{"level":"info","message":"onRequest - completionItem/resolve","timestamp":"2024-12-12T06:12:43.941Z"}
{"level":"info","message":"onRequest - completionItem/resolve","timestamp":"2024-12-12T06:12:44.116Z"}
{"level":"info","message":"⌛ Validating noticias.wlk","timeElapsed":101,"timestamp":"2024-12-12T06:12:45.025Z"}
{"level":"info","message":"⌛ Validating noticias.wlk","timeElapsed":109,"timestamp":"2024-12-12T06:12:45.861Z"}
{"level":"info","message":"⌛ Validating noticias.wlk","timeElapsed":123,"timestamp":"2024-12-12T06:12:47.226Z"}
{"level":"info","message":"⌛ Validating noticias.wlk","timeElapsed":102,"timestamp":"2024-12-12T06:12:48.045Z"}
{"level":"info","message":"⌛ Validating noticias.wlk","timeElapsed":117,"timestamp":"2024-12-12T06:12:48.778Z"}
{"level":"error","message":"✘ Completions for node failed: Error: [Parameter]{df9c0b} at noticias.wlk:128 exhausted all cases without a match [Parameter]{df9c0b} at noticias.wlk:128 exhausted all cases without a match","stack":"Error: [Parameter]{df9c0b} at noticias.wlk:128 exhausted all cases without a match\n    at c:\\Users\\Paz-N\\.vscode\\extensions\\uqbar.wollok-lsp-ide-0.3.6\\out\\server\\src\\server.js:38:6067\n    at yh (c:\\Users\\Paz-N\\.vscode\\extensions\\uqbar.wollok-lsp-ide-0.3.6\\out\\server\\src\\server.js:2291:42)\n    at c:\\Users\\Paz-N\\.vscode\\extensions\\uqbar.wollok-lsp-ide-0.3.6\\out\\server\\src\\server.js:2291:2700\n    at c:\\Users\\Paz-N\\.vscode\\extensions\\uqbar.wollok-lsp-ide-0.3.6\\out\\server\\src\\server.js:2298:3774\n    at c:\\Users\\Paz-N\\.vscode\\extensions\\uqbar.wollok-lsp-ide-0.3.6\\out\\server\\src\\server.js:37:74872\n    at Fe (c:\\Users\\Paz-N\\.vscode\\extensions\\uqbar.wollok-lsp-ide-0.3.6\\out\\server\\src\\server.js:7:8527)\n    at Pt (c:\\Users\\Paz-N\\.vscode\\extensions\\uqbar.wollok-lsp-ide-0.3.6\\out\\server\\src\\server.js:7:6189)\n    at Gi (c:\\Users\\Paz-N\\.vscode\\extensions\\uqbar.wollok-lsp-ide-0.3.6\\out\\server\\src\\server.js:7:6378)\n    at Immediate._onImmediate (c:\\Users\\Paz-N\\.vscode\\extensions\\uqbar.wollok-lsp-ide-0.3.6\\out\\server\\src\\server.js:7:6142)\n    at process.processImmediate (node:internal/timers:483:21)","timestamp":"2024-12-12T06:12:49.349Z"}
{"level":"info","message":"onRequest - completionItem/resolve","timestamp":"2024-12-12T06:12:49.518Z"}
{"level":"info","message":"onRequest - completionItem/resolve","timestamp":"2024-12-12T06:12:49.593Z"}
{"level":"info","message":"onRequest - completionItem/resolve","timestamp":"2024-12-12T06:12:49.784Z"}
{"level":"info","message":"onRequest - completionItem/resolve","timestamp":"2024-12-12T06:12:49.858Z"}
{"level":"info","message":"onRequest - completionItem/resolve","timestamp":"2024-12-12T06:12:50.025Z"}
{"level":"info","message":"onRequest - completionItem/resolve","timestamp":"2024-12-12T06:12:50.094Z"}
{"level":"info","message":"⌛ Validating noticias.wlk","timeElapsed":110,"timestamp":"2024-12-12T06:12:52.238Z"}
{"level":"info","message":"⌛ Building environment","timeElapsed":137,"timestamp":"2024-12-12T06:13:01.128Z"}
{"level":"info","message":"onRequest - completionItem/resolve","timestamp":"2024-12-12T06:13:01.317Z"}
{"level":"info","message":"onRequest - completionItem/resolve","timestamp":"2024-12-12T06:13:01.390Z"}
{"level":"info","message":"⌛ Validating noticias.wlk","timeElapsed":129,"timestamp":"2024-12-12T06:13:01.519Z"}
{"level":"info","message":"⌛ Validating noticias.wlk","timeElapsed":103,"timestamp":"2024-12-12T06:13:02.422Z"}
{"level":"info","message":"⌛ Validating noticias.wlk","timeElapsed":119,"timestamp":"2024-12-12T06:13:07.205Z"}
{"level":"info","message":"⌛ Validating noticias.wlk","timeElapsed":117,"timestamp":"2024-12-12T06:13:13.193Z"}
{"level":"info","message":"⌛ Building environment","timeElapsed":159,"timestamp":"2024-12-12T06:13:51.596Z"}
{"level":"info","message":"⌛ Validating file:///c%3A/Users/Paz-N/OneDrive/Escritorio/parcialObjetosLucas.wlk","timeElapsed":145,"timestamp":"2024-12-12T06:13:51.765Z"}
{"level":"info","message":"⌛ Validating noticias.wlk","timeElapsed":111,"timestamp":"2024-12-12T06:14:00.951Z"}
{"level":"info","message":"onRequest - completionItem/resolve","timestamp":"2024-12-12T06:14:00.952Z"}
{"level":"info","message":"onRequest - completionItem/resolve","timestamp":"2024-12-12T06:14:01.035Z"}
{"level":"info","message":"onRequest - completionItem/resolve","timestamp":"2024-12-12T06:14:01.112Z"}
{"level":"info","message":"⌛ Building environment","timeElapsed":109,"timestamp":"2024-12-12T06:14:01.222Z"}
{"level":"info","message":"onRequest - completionItem/resolve","timestamp":"2024-12-12T06:14:01.226Z"}
{"level":"info","message":"⌛ Validating noticias.wlk","timeElapsed":109,"timestamp":"2024-12-12T06:14:01.334Z"}
{"level":"info","message":"onRequest - completionItem/resolve","timestamp":"2024-12-12T06:14:01.420Z"}
{"level":"info","message":"⌛ Validating noticias.wlk","timeElapsed":104,"timestamp":"2024-12-12T06:14:01.524Z"}
{"level":"info","message":"⌛ Validating noticias.wlk","timeElapsed":111,"timestamp":"2024-12-12T06:14:01.636Z"}
{"level":"info","message":"⌛ Validating noticias.wlk","timeElapsed":101,"timestamp":"2024-12-12T06:14:01.740Z"}
{"level":"info","message":"⌛ Validating noticias.wlk","timeElapsed":105,"timestamp":"2024-12-12T06:14:05.625Z"}
{"level":"info","message":"⌛ Validating noticias.wlk","timeElapsed":104,"timestamp":"2024-12-12T06:14:06.075Z"}
{"level":"info","message":"⌛ Validating noticias.wlk","timeElapsed":101,"timestamp":"2024-12-12T06:14:06.784Z"}
{"level":"info","message":"⌛ Validating noticias.wlk","timeElapsed":101,"timestamp":"2024-12-12T06:14:06.961Z"}
{"level":"info","message":"⌛ Validating noticias.wlk","timeElapsed":111,"timestamp":"2024-12-12T06:14:07.534Z"}
{"level":"info","message":"⌛ Validating noticias.wlk","timeElapsed":108,"timestamp":"2024-12-12T06:14:09.032Z"}
{"level":"info","message":"⌛ Validating noticias.wlk","timeElapsed":109,"timestamp":"2024-12-12T06:14:09.263Z"}
{"level":"info","message":"⌛ Validating noticias.wlk","timeElapsed":103,"timestamp":"2024-12-12T06:14:09.524Z"}
{"level":"info","message":"⌛ Validating noticias.wlk","timeElapsed":102,"timestamp":"2024-12-12T06:14:09.723Z"}
{"level":"info","message":"⌛ Validating noticias.wlk","timeElapsed":101,"timestamp":"2024-12-12T06:14:10.330Z"}
{"level":"info","message":"⌛ Validating noticias.wlk","timeElapsed":102,"timestamp":"2024-12-12T06:14:10.509Z"}
{"level":"info","message":"⌛ Validating noticias.wlk","timeElapsed":101,"timestamp":"2024-12-12T06:14:10.613Z"}
{"level":"info","message":"⌛ Validating noticias.wlk","timeElapsed":101,"timestamp":"2024-12-12T06:14:11.159Z"}
{"level":"info","message":"⌛ Validating noticias.wlk","timeElapsed":102,"timestamp":"2024-12-12T06:14:11.365Z"}
{"level":"info","message":"⌛ Validating noticias.wlk","timeElapsed":123,"timestamp":"2024-12-12T06:14:11.723Z"}
{"level":"info","message":"⌛ Validating noticias.wlk","timeElapsed":105,"timestamp":"2024-12-12T06:14:11.828Z"}
{"level":"info","message":"⌛ Validating noticias.wlk","timeElapsed":101,"timestamp":"2024-12-12T06:14:13.169Z"}
{"level":"info","message":"⌛ Validating noticias.wlk","timeElapsed":101,"timestamp":"2024-12-12T06:14:13.792Z"}
{"level":"info","message":"⌛ Building environment","timeElapsed":103,"timestamp":"2024-12-12T06:14:14.979Z"}
{"level":"info","message":"⌛ Validating noticias.wlk","timeElapsed":114,"timestamp":"2024-12-12T06:14:16.429Z"}
{"level":"info","message":"⌛ Validating noticias.wlk","timeElapsed":132,"timestamp":"2024-12-12T06:14:31.326Z"}
{"level":"info","message":"⌛ Validating noticias.wlk","timeElapsed":103,"timestamp":"2024-12-12T06:14:31.509Z"}
{"level":"info","message":"⌛ Building environment","timeElapsed":117,"timestamp":"2024-12-12T06:17:17.859Z"}
{"level":"info","message":"⌛ Validating noticias.wlk","timeElapsed":125,"timestamp":"2024-12-12T06:17:17.985Z"}
{"level":"info","message":"⌛ Validating noticias.wlk","timeElapsed":107,"timestamp":"2024-12-12T06:17:20.294Z"}
{"level":"info","message":"⌛ Building environment","timeElapsed":112,"timestamp":"2024-12-12T06:17:20.572Z"}
{"level":"info","message":"⌛ Validating noticias.wlk","timeElapsed":117,"timestamp":"2024-12-12T06:17:20.690Z"}
{"level":"info","message":"⌛ Validating noticias.wlk","timeElapsed":104,"timestamp":"2024-12-12T06:17:23.762Z"}
{"level":"info","message":"⌛ Validating noticias.wlk","timeElapsed":106,"timestamp":"2024-12-12T06:17:38.127Z"}
{"level":"info","message":"⌛ Validating noticias.wlk","timeElapsed":112,"timestamp":"2024-12-12T06:17:38.878Z"}
{"level":"info","message":"⌛ Validating noticias.wlk","timeElapsed":119,"timestamp":"2024-12-12T06:17:40.380Z"}
{"level":"info","message":"⌛ Building environment","timeElapsed":147,"timestamp":"2024-12-12T06:18:05.673Z"}
{"level":"info","message":"⌛ Validating noticias.wlk","timeElapsed":127,"timestamp":"2024-12-12T06:18:05.801Z"}
{"level":"info","message":"⌛ Validating noticias.wlk","timeElapsed":101,"timestamp":"2024-12-12T06:18:09.489Z"}
{"level":"info","message":"⌛ Building environment","timeElapsed":105,"timestamp":"2024-12-12T06:18:10.167Z"}
{"level":"info","message":"⌛ Validating noticias.wlk","timeElapsed":104,"timestamp":"2024-12-12T06:18:10.272Z"}
{"level":"info","message":"⌛ Validating noticias.wlk","timeElapsed":118,"timestamp":"2024-12-12T06:18:11.719Z"}
{"level":"info","message":"⌛ Validating noticias.wlk","timeElapsed":109,"timestamp":"2024-12-12T06:18:13.496Z"}
{"level":"info","message":"⌛ Validating noticias.wlk","timeElapsed":117,"timestamp":"2024-12-12T06:18:14.507Z"}
{"level":"info","message":"⌛ Validating noticias.wlk","timeElapsed":107,"timestamp":"2024-12-12T06:18:21.083Z"}
{"level":"info","message":"⌛ Validating noticias.wlk","timeElapsed":119,"timestamp":"2024-12-12T06:18:43.352Z"}
{"level":"info","message":"⌛ Validating noticias.wlk","timeElapsed":108,"timestamp":"2024-12-12T06:18:47.361Z"}
{"level":"info","message":"⌛ Building environment","timeElapsed":113,"timestamp":"2024-12-12T06:18:48.324Z"}
{"level":"info","message":"⌛ Validating noticias.wlk","timeElapsed":117,"timestamp":"2024-12-12T06:18:48.444Z"}
{"level":"info","message":"⌛ Validating noticias.wlk","timeElapsed":106,"timestamp":"2024-12-12T06:18:52.167Z"}
{"level":"info","message":"⌛ Validating noticias.wlk","timeElapsed":120,"timestamp":"2024-12-12T06:18:52.729Z"}
{"level":"info","message":"⌛ Building environment","timeElapsed":104,"timestamp":"2024-12-12T06:20:49.766Z"}
{"level":"info","message":"⌛ Validating noticias.wlk","timeElapsed":105,"timestamp":"2024-12-12T06:20:49.912Z"}
{"level":"info","message":"⌛ Validating noticias.wlk","timeElapsed":101,"timestamp":"2024-12-12T06:20:50.663Z"}
{"level":"info","message":"⌛ Validating noticias.wlk","timeElapsed":105,"timestamp":"2024-12-12T06:20:51.076Z"}
{"level":"info","message":"⌛ Validating noticias.wlk","timeElapsed":119,"timestamp":"2024-12-12T06:21:01.611Z"}
{"level":"info","message":"⌛ Validating noticias.wlk","timeElapsed":108,"timestamp":"2024-12-12T06:21:02.521Z"}
{"level":"error","message":"✘ Completions for node failed: Error: [Send]{804b35} at noticias.wlk:74 exhausted all cases without a match [Send]{804b35} at noticias.wlk:74 exhausted all cases without a match","stack":"Error: [Send]{804b35} at noticias.wlk:74 exhausted all cases without a match\n    at c:\\Users\\Paz-N\\.vscode\\extensions\\uqbar.wollok-lsp-ide-0.3.6\\out\\server\\src\\server.js:38:6067\n    at yh (c:\\Users\\Paz-N\\.vscode\\extensions\\uqbar.wollok-lsp-ide-0.3.6\\out\\server\\src\\server.js:2291:42)\n    at c:\\Users\\Paz-N\\.vscode\\extensions\\uqbar.wollok-lsp-ide-0.3.6\\out\\server\\src\\server.js:2291:2700\n    at c:\\Users\\Paz-N\\.vscode\\extensions\\uqbar.wollok-lsp-ide-0.3.6\\out\\server\\src\\server.js:2298:3774\n    at c:\\Users\\Paz-N\\.vscode\\extensions\\uqbar.wollok-lsp-ide-0.3.6\\out\\server\\src\\server.js:37:74872\n    at Fe (c:\\Users\\Paz-N\\.vscode\\extensions\\uqbar.wollok-lsp-ide-0.3.6\\out\\server\\src\\server.js:7:8527)\n    at Pt (c:\\Users\\Paz-N\\.vscode\\extensions\\uqbar.wollok-lsp-ide-0.3.6\\out\\server\\src\\server.js:7:6189)\n    at Gi (c:\\Users\\Paz-N\\.vscode\\extensions\\uqbar.wollok-lsp-ide-0.3.6\\out\\server\\src\\server.js:7:6378)\n    at Immediate._onImmediate (c:\\Users\\Paz-N\\.vscode\\extensions\\uqbar.wollok-lsp-ide-0.3.6\\out\\server\\src\\server.js:7:6142)\n    at process.processImmediate (node:internal/timers:483:21)","timestamp":"2024-12-12T06:23:15.015Z"}
{"level":"error","message":"✘ Completions for node failed: Error: [Send]{7374e0} at noticias.wlk:74 exhausted all cases without a match [Send]{7374e0} at noticias.wlk:74 exhausted all cases without a match","stack":"Error: [Send]{7374e0} at noticias.wlk:74 exhausted all cases without a match\n    at c:\\Users\\Paz-N\\.vscode\\extensions\\uqbar.wollok-lsp-ide-0.3.6\\out\\server\\src\\server.js:38:6067\n    at yh (c:\\Users\\Paz-N\\.vscode\\extensions\\uqbar.wollok-lsp-ide-0.3.6\\out\\server\\src\\server.js:2291:42)\n    at kh (c:\\Users\\Paz-N\\.vscode\\extensions\\uqbar.wollok-lsp-ide-0.3.6\\out\\server\\src\\server.js:2291:1004)\n    at yh (c:\\Users\\Paz-N\\.vscode\\extensions\\uqbar.wollok-lsp-ide-0.3.6\\out\\server\\src\\server.js:2291:456)\n    at c:\\Users\\Paz-N\\.vscode\\extensions\\uqbar.wollok-lsp-ide-0.3.6\\out\\server\\src\\server.js:2291:2700\n    at c:\\Users\\Paz-N\\.vscode\\extensions\\uqbar.wollok-lsp-ide-0.3.6\\out\\server\\src\\server.js:2298:3774\n    at c:\\Users\\Paz-N\\.vscode\\extensions\\uqbar.wollok-lsp-ide-0.3.6\\out\\server\\src\\server.js:37:74872\n    at Fe (c:\\Users\\Paz-N\\.vscode\\extensions\\uqbar.wollok-lsp-ide-0.3.6\\out\\server\\src\\server.js:7:8527)\n    at Pt (c:\\Users\\Paz-N\\.vscode\\extensions\\uqbar.wollok-lsp-ide-0.3.6\\out\\server\\src\\server.js:7:6189)\n    at Gi (c:\\Users\\Paz-N\\.vscode\\extensions\\uqbar.wollok-lsp-ide-0.3.6\\out\\server\\src\\server.js:7:6378)","timestamp":"2024-12-12T06:23:15.015Z"}
{"level":"error","message":"✘ Completions for node failed: Error: [Return]{f50b9d} at noticias.wlk:-- exhausted all cases without a match [Return]{f50b9d} at noticias.wlk:-- exhausted all cases without a match","stack":"Error: [Return]{f50b9d} at noticias.wlk:-- exhausted all cases without a match\n    at c:\\Users\\Paz-N\\.vscode\\extensions\\uqbar.wollok-lsp-ide-0.3.6\\out\\server\\src\\server.js:38:6067\n    at yh (c:\\Users\\Paz-N\\.vscode\\extensions\\uqbar.wollok-lsp-ide-0.3.6\\out\\server\\src\\server.js:2291:42)\n    at kh (c:\\Users\\Paz-N\\.vscode\\extensions\\uqbar.wollok-lsp-ide-0.3.6\\out\\server\\src\\server.js:2291:1004)\n    at yh (c:\\Users\\Paz-N\\.vscode\\extensions\\uqbar.wollok-lsp-ide-0.3.6\\out\\server\\src\\server.js:2291:456)\n    at kh (c:\\Users\\Paz-N\\.vscode\\extensions\\uqbar.wollok-lsp-ide-0.3.6\\out\\server\\src\\server.js:2291:1004)\n    at yh (c:\\Users\\Paz-N\\.vscode\\extensions\\uqbar.wollok-lsp-ide-0.3.6\\out\\server\\src\\server.js:2291:456)\n    at c:\\Users\\Paz-N\\.vscode\\extensions\\uqbar.wollok-lsp-ide-0.3.6\\out\\server\\src\\server.js:2291:2700\n    at c:\\Users\\Paz-N\\.vscode\\extensions\\uqbar.wollok-lsp-ide-0.3.6\\out\\server\\src\\server.js:2298:3774\n    at c:\\Users\\Paz-N\\.vscode\\extensions\\uqbar.wollok-lsp-ide-0.3.6\\out\\server\\src\\server.js:37:74872\n    at Fe (c:\\Users\\Paz-N\\.vscode\\extensions\\uqbar.wollok-lsp-ide-0.3.6\\out\\server\\src\\server.js:7:8527)","timestamp":"2024-12-12T06:23:15.015Z"}
{"level":"info","message":"⌛ Validating noticias.wlk","timeElapsed":129,"timestamp":"2024-12-12T06:23:15.150Z"}
{"level":"info","message":"onRequest - completionItem/resolve","timestamp":"2024-12-12T06:23:15.151Z"}
{"level":"info","message":"onRequest - completionItem/resolve","timestamp":"2024-12-12T06:23:15.231Z"}
{"level":"error","message":"✘ Completions for node failed: Error: [Send]{b69c64} at noticias.wlk:74 exhausted all cases without a match [Send]{b69c64} at noticias.wlk:74 exhausted all cases without a match","stack":"Error: [Send]{b69c64} at noticias.wlk:74 exhausted all cases without a match\n    at c:\\Users\\Paz-N\\.vscode\\extensions\\uqbar.wollok-lsp-ide-0.3.6\\out\\server\\src\\server.js:38:6067\n    at yh (c:\\Users\\Paz-N\\.vscode\\extensions\\uqbar.wollok-lsp-ide-0.3.6\\out\\server\\src\\server.js:2291:42)\n    at c:\\Users\\Paz-N\\.vscode\\extensions\\uqbar.wollok-lsp-ide-0.3.6\\out\\server\\src\\server.js:2291:2700\n    at c:\\Users\\Paz-N\\.vscode\\extensions\\uqbar.wollok-lsp-ide-0.3.6\\out\\server\\src\\server.js:2298:3774\n    at c:\\Users\\Paz-N\\.vscode\\extensions\\uqbar.wollok-lsp-ide-0.3.6\\out\\server\\src\\server.js:37:74872\n    at Fe (c:\\Users\\Paz-N\\.vscode\\extensions\\uqbar.wollok-lsp-ide-0.3.6\\out\\server\\src\\server.js:7:8527)\n    at Pt (c:\\Users\\Paz-N\\.vscode\\extensions\\uqbar.wollok-lsp-ide-0.3.6\\out\\server\\src\\server.js:7:6189)\n    at Gi (c:\\Users\\Paz-N\\.vscode\\extensions\\uqbar.wollok-lsp-ide-0.3.6\\out\\server\\src\\server.js:7:6378)\n    at Immediate._onImmediate (c:\\Users\\Paz-N\\.vscode\\extensions\\uqbar.wollok-lsp-ide-0.3.6\\out\\server\\src\\server.js:7:6142)\n    at process.processImmediate (node:internal/timers:483:21)","timestamp":"2024-12-12T06:23:15.339Z"}
{"level":"error","message":"✘ Completions for node failed: Error: [Send]{906e80} at noticias.wlk:74 exhausted all cases without a match [Send]{906e80} at noticias.wlk:74 exhausted all cases without a match","stack":"Error: [Send]{906e80} at noticias.wlk:74 exhausted all cases without a match\n    at c:\\Users\\Paz-N\\.vscode\\extensions\\uqbar.wollok-lsp-ide-0.3.6\\out\\server\\src\\server.js:38:6067\n    at yh (c:\\Users\\Paz-N\\.vscode\\extensions\\uqbar.wollok-lsp-ide-0.3.6\\out\\server\\src\\server.js:2291:42)\n    at kh (c:\\Users\\Paz-N\\.vscode\\extensions\\uqbar.wollok-lsp-ide-0.3.6\\out\\server\\src\\server.js:2291:1004)\n    at yh (c:\\Users\\Paz-N\\.vscode\\extensions\\uqbar.wollok-lsp-ide-0.3.6\\out\\server\\src\\server.js:2291:456)\n    at c:\\Users\\Paz-N\\.vscode\\extensions\\uqbar.wollok-lsp-ide-0.3.6\\out\\server\\src\\server.js:2291:2700\n    at c:\\Users\\Paz-N\\.vscode\\extensions\\uqbar.wollok-lsp-ide-0.3.6\\out\\server\\src\\server.js:2298:3774\n    at c:\\Users\\Paz-N\\.vscode\\extensions\\uqbar.wollok-lsp-ide-0.3.6\\out\\server\\src\\server.js:37:74872\n    at Fe (c:\\Users\\Paz-N\\.vscode\\extensions\\uqbar.wollok-lsp-ide-0.3.6\\out\\server\\src\\server.js:7:8527)\n    at Pt (c:\\Users\\Paz-N\\.vscode\\extensions\\uqbar.wollok-lsp-ide-0.3.6\\out\\server\\src\\server.js:7:6189)\n    at Gi (c:\\Users\\Paz-N\\.vscode\\extensions\\uqbar.wollok-lsp-ide-0.3.6\\out\\server\\src\\server.js:7:6378)","timestamp":"2024-12-12T06:23:15.340Z"}
{"level":"error","message":"✘ Completions for node failed: Error: [Return]{f96808} at noticias.wlk:-- exhausted all cases without a match [Return]{f96808} at noticias.wlk:-- exhausted all cases without a match","stack":"Error: [Return]{f96808} at noticias.wlk:-- exhausted all cases without a match\n    at c:\\Users\\Paz-N\\.vscode\\extensions\\uqbar.wollok-lsp-ide-0.3.6\\out\\server\\src\\server.js:38:6067\n    at yh (c:\\Users\\Paz-N\\.vscode\\extensions\\uqbar.wollok-lsp-ide-0.3.6\\out\\server\\src\\server.js:2291:42)\n    at kh (c:\\Users\\Paz-N\\.vscode\\extensions\\uqbar.wollok-lsp-ide-0.3.6\\out\\server\\src\\server.js:2291:1004)\n    at yh (c:\\Users\\Paz-N\\.vscode\\extensions\\uqbar.wollok-lsp-ide-0.3.6\\out\\server\\src\\server.js:2291:456)\n    at kh (c:\\Users\\Paz-N\\.vscode\\extensions\\uqbar.wollok-lsp-ide-0.3.6\\out\\server\\src\\server.js:2291:1004)\n    at yh (c:\\Users\\Paz-N\\.vscode\\extensions\\uqbar.wollok-lsp-ide-0.3.6\\out\\server\\src\\server.js:2291:456)\n    at c:\\Users\\Paz-N\\.vscode\\extensions\\uqbar.wollok-lsp-ide-0.3.6\\out\\server\\src\\server.js:2291:2700\n    at c:\\Users\\Paz-N\\.vscode\\extensions\\uqbar.wollok-lsp-ide-0.3.6\\out\\server\\src\\server.js:2298:3774\n    at c:\\Users\\Paz-N\\.vscode\\extensions\\uqbar.wollok-lsp-ide-0.3.6\\out\\server\\src\\server.js:37:74872\n    at Fe (c:\\Users\\Paz-N\\.vscode\\extensions\\uqbar.wollok-lsp-ide-0.3.6\\out\\server\\src\\server.js:7:8527)","timestamp":"2024-12-12T06:23:15.340Z"}
{"level":"info","message":"⌛ Validating noticias.wlk","timeElapsed":106,"timestamp":"2024-12-12T06:23:15.452Z"}
{"level":"info","message":"⌛ Validating noticias.wlk","timeElapsed":102,"timestamp":"2024-12-12T06:23:15.635Z"}
{"level":"info","message":"⌛ Validating noticias.wlk","timeElapsed":107,"timestamp":"2024-12-12T06:23:15.767Z"}
{"level":"info","message":"⌛ Building environment","timeElapsed":158,"timestamp":"2024-12-12T06:31:28.413Z"}
{"level":"info","message":"onRequest - WORKSPACE_URI:file:///c%3A/Users/Paz-N/OneDrive/Escritorio/PDP/Programas/practicaObjetos","timestamp":"2024-12-12T06:31:28.432Z"}
{"level":"info","message":"⌛ Building environment","timeElapsed":129,"timestamp":"2024-12-12T06:31:28.562Z"}
{"level":"info","message":"⌛ Building environment","timeElapsed":103,"timestamp":"2024-12-12T06:31:30.438Z"}
{"level":"info","message":"⌛ Validating noticias.wlk","timeElapsed":145,"timestamp":"2024-12-12T06:31:30.584Z"}
{"level":"info","message":"⌛ Building environment","timeElapsed":103,"timestamp":"2024-12-12T06:31:30.688Z"}
{"level":"info","message":"⌛ Validating vacaciones.wlk","timeElapsed":120,"timestamp":"2024-12-12T06:31:30.961Z"}
{"level":"info","message":"⌛ Validating noticias.wlk","timeElapsed":124,"timestamp":"2024-12-12T06:31:31.086Z"}
{"level":"info","message":"⌛ Validating vacaciones.wlk","timeElapsed":101,"timestamp":"2024-12-12T06:31:31.188Z"}
{"level":"info","message":"⌛ Validating testVacaciones.wtest","timeElapsed":144,"timestamp":"2024-12-12T06:31:31.332Z"}
{"level":"info","message":"⌛ Validating asadito.wlk","timeElapsed":196,"timestamp":"2024-12-12T06:31:31.528Z"}
